Processing (2R)-2-Hydroxybutanedial in smiles.smi (1/572). 
Processing Abacavir in smiles.smi (3/572). 
Processing (R)-Omeprazole in smiles.smi (2/572). 
Processing Aceclofenac in smiles.smi (4/572). 
Processing Acetylsalicylic Acid (Aspirin) in smiles.smi (7/572). 
Processing Acetazolamide in smiles.smi (6/572). 
Processing Acemetacin in smiles.smi (5/572). 
Processing Acyclovir in smiles.smi (8/572). 
Processing Adefovir in smiles.smi (9/572). 
Processing Ajmaline in smiles.smi (10/572). Average speed: 1.97 s/mol.
Processing Albendazole in smiles.smi (11/572). Average speed: 1.14 s/mol.
Processing Alclofenac in smiles.smi (12/572). Average speed: 0.95 s/mol.
Processing Alectinib in smiles.smi (13/572). Average speed: 0.75 s/mol.
Processing Alendronate in smiles.smi (14/572). Average speed: 0.65 s/mol.
Processing Alfacalcidol in smiles.smi (15/572). Average speed: 0.65 s/mol.
Processing Alimemazine in smiles.smi (16/572). Average speed: 0.58 s/mol.
Processing Allopurinol in smiles.smi (17/572). Average speed: 0.54 s/mol.
Processing Alminoprofen in smiles.smi (18/572). Average speed: 0.48 s/mol.
Processing Alprazolam in smiles.smi (19/572). Average speed: 0.48 s/mol.
Processing Amantadine in smiles.smi (20/572). Average speed: 0.45 s/mol.
Processing Amikacin in smiles.smi (21/572). Average speed: 0.42 s/mol.
Processing Aminophenazone (Aminopyrine) in smiles.smi (23/572). Average speed: 0.40 s/mol.
Processing Aminocaproic acid in smiles.smi (22/572). Average speed: 0.43 s/mol.
Processing Amiodarone in smiles.smi (24/572). Average speed: 0.41 s/mol.
Processing Amisulpride in smiles.smi (25/572). Average speed: 0.38 s/mol.
Processing Amitriptyline in smiles.smi (26/572). Average speed: 0.38 s/mol.
Processing Amoxapine in smiles.smi (27/572). Average speed: 0.39 s/mol.
Processing Amoxicillin in smiles.smi (28/572). Average speed: 0.35 s/mol.
Processing Amphetamine in smiles.smi (29/572). Average speed: 0.39 s/mol.
Processing Amprenavir in smiles.smi (31/572). Average speed: 0.36 s/mol.
Processing Ampicillin in smiles.smi (30/572). Average speed: 0.37 s/mol.
Processing Anagrelide in smiles.smi (32/572). Average speed: 0.35 s/mol.
Processing Antipyrine in smiles.smi (33/572). Average speed: 0.36 s/mol.
Processing Antrafenine in smiles.smi (34/572). Average speed: 0.35 s/mol.
Processing Apramycin in smiles.smi (35/572). Average speed: 0.35 s/mol.
Processing Arbekacin in smiles.smi (36/572). Average speed: 0.35 s/mol.
Processing Aripiprazole in smiles.smi (37/572). Average speed: 0.34 s/mol.
Processing Atazanavir in smiles.smi (39/572). Average speed: 0.33 s/mol.
Processing Asenapine in smiles.smi (38/572). Average speed: 0.34 s/mol.
Processing Atenolol in smiles.smi (40/572). Average speed: 0.33 s/mol.
Processing Atropine in smiles.smi (41/572). Average speed: 0.36 s/mol.
Processing Axitinib in smiles.smi (42/572). Average speed: 0.36 s/mol.
Processing Azacitidine in smiles.smi (43/572). Average speed: 0.35 s/mol.
Processing Azapropazone in smiles.smi (44/572). Average speed: 0.35 s/mol.
Processing Aztreonam in smiles.smi (45/572). Average speed: 0.35 s/mol.
Processing Baclofen in smiles.smi (46/572). Average speed: 0.34 s/mol.
Processing Balsalazide in smiles.smi (47/572). Average speed: 0.34 s/mol.
Processing Bekanamycin in smiles.smi (48/572). Average speed: 0.35 s/mol.
Processing Bendamustine in smiles.smi (50/572). Average speed: 0.35 s/mol.
Processing Benazepril in smiles.smi (49/572). Average speed: 0.35 s/mol.
Processing Bendazac in smiles.smi (51/572). Average speed: 0.33 s/mol.
Processing Benorilate in smiles.smi (52/572). Average speed: 0.36 s/mol.
Processing Benoxaprofen in smiles.smi (53/572). Average speed: 0.36 s/mol.
Processing Benzbromarone in smiles.smi (54/572). Average speed: 0.37 s/mol.
Processing Benziodarone in smiles.smi (55/572). Average speed: 0.39 s/mol.
Processing Benzydamine in smiles.smi (57/572). Average speed: 0.38 s/mol.
Processing Benzphetamine in smiles.smi (56/572). Average speed: 0.38 s/mol.
Processing Betamethasone in smiles.smi (59/572). Average speed: 0.38 s/mol.
Processing Benzylpenicillin in smiles.smi (58/572). Average speed: 0.38 s/mol.
Processing Bethanidine in smiles.smi (60/572). Average speed: 0.38 s/mol.
Processing Bezafibrate in smiles.smi (61/572). Average speed: 0.38 s/mol.
Processing Binimetinib in smiles.smi (62/572). Average speed: 0.39 s/mol.
Processing Bortezomib in smiles.smi (63/572). Average speed: 0.39 s/mol.
Processing Brigatinib in smiles.smi (64/572). Average speed: 0.38 s/mol.
Processing Brivanib in smiles.smi (65/572). Average speed: 0.39 s/mol.
Processing Bromfenac in smiles.smi (66/572). Average speed: 0.38 s/mol.
Processing Bromperidol in smiles.smi (67/572). Average speed: 0.38 s/mol.
Processing Bucillamine in smiles.smi (68/572). Average speed: 0.38 s/mol.
Processing Bufexamac in smiles.smi (69/572). Average speed: 0.38 s/mol.
Processing Bumadizone in smiles.smi (70/572). Average speed: 0.39 s/mol.
Processing Bumetanide in smiles.smi (71/572). Average speed: 0.38 s/mol.
Processing Buprenorphine in smiles.smi (72/572). Average speed: 0.38 s/mol.
Processing Bupropion in smiles.smi (73/572). Average speed: 0.39 s/mol.
Processing Busulfan in smiles.smi (74/572). Average speed: 0.38 s/mol.
Processing Calcitriol in smiles.smi (75/572). Average speed: 0.38 s/mol.
Processing Candesartan in smiles.smi (76/572). Average speed: 0.38 s/mol.
Processing Captopril in smiles.smi (77/572). Average speed: 0.39 s/mol.
Processing Carbamazepine in smiles.smi (78/572). Average speed: 0.38 s/mol.
Processing Carbenicillin in smiles.smi (79/572). Average speed: 0.38 s/mol.
Processing Carbenoxolone in smiles.smi (80/572). Average speed: 0.38 s/mol.
Processing Carbimazole in smiles.smi (81/572). Average speed: 0.38 s/mol.
Processing Carbocisteine in smiles.smi (82/572). Average speed: 0.38 s/mol.
Processing Carmustine in smiles.smi (84/572). Average speed: 0.37 s/mol.
Processing Carfilzomib in smiles.smi (83/572). Average speed: 0.37 s/mol.
Processing Carprofen in smiles.smi (85/572). Average speed: 0.37 s/mol.
Processing Carvedilol in smiles.smi (86/572). Average speed: 0.37 s/mol.
Processing Cediranib in smiles.smi (87/572). Average speed: 0.37 s/mol.
Processing Cefacetrile in smiles.smi (88/572). Average speed: 0.37 s/mol.
Processing Cefaclor in smiles.smi (89/572). Average speed: 0.37 s/mol.
Processing Cefadroxil in smiles.smi (90/572). Average speed: 0.37 s/mol.
Processing Cefalexin in smiles.smi (91/572). Average speed: 0.38 s/mol.
Processing Cefalotin (Cephalothin) in smiles.smi (92/572). Average speed: 0.38 s/mol.
Processing Cefamandole in smiles.smi (93/572). Average speed: 0.38 s/mol.
Processing Cefapirin in smiles.smi (94/572). Average speed: 0.39 s/mol.
Processing Cefatrizine in smiles.smi (95/572). Average speed: 0.39 s/mol.
Processing Cefazedone in smiles.smi (96/572). Average speed: 0.38 s/mol.
Processing Cefazolin in smiles.smi (97/572). Average speed: 0.39 s/mol.
Processing Cefdinir in smiles.smi (98/572). Average speed: 0.38 s/mol.
Processing Cefditoren in smiles.smi (99/572). Average speed: 0.38 s/mol.
Processing Cefetamet in smiles.smi (100/572). Average speed: 0.38 s/mol.
Processing Cefixime in smiles.smi (101/572). Average speed: 0.38 s/mol.
Processing Cefmenoxime in smiles.smi (102/572). Average speed: 0.38 s/mol.
Processing Cefmetazole in smiles.smi (103/572). Average speed: 0.37 s/mol.
Processing Cefodizime in smiles.smi (105/572). Average speed: 0.37 s/mol.
Processing Cefminox in smiles.smi (104/572). Average speed: 0.37 s/mol.
Processing Ceforanide in smiles.smi (107/572). Average speed: 0.37 s/mol.
Processing Cefotaxime in smiles.smi (108/572). Average speed: 0.37 s/mol.
Processing Cefonicid in smiles.smi (106/572). Average speed: 0.37 s/mol.
Processing Cefotetan in smiles.smi (109/572). Average speed: 0.37 s/mol.
Processing Cefotiam in smiles.smi (110/572). Average speed: 0.36 s/mol.
Processing Cefoxitin in smiles.smi (111/572). Average speed: 0.36 s/mol.
Processing Cefpodoxime in smiles.smi (112/572). Average speed: 0.36 s/mol.
Processing Cefprozil in smiles.smi (113/572). Average speed: 0.36 s/mol.
Processing Cefradine in smiles.smi (114/572). Average speed: 0.36 s/mol.
Processing Cefroxadine in smiles.smi (115/572). Average speed: 0.35 s/mol.
Processing Cefteram in smiles.smi (116/572). Average speed: 0.36 s/mol.
Processing Ceftezole in smiles.smi (117/572). Average speed: 0.35 s/mol.
Processing Ceftibuten in smiles.smi (118/572). Average speed: 0.35 s/mol.
Processing Ceftizoxime in smiles.smi (119/572). Average speed: 0.35 s/mol.
Processing Ceftobiprole in smiles.smi (120/572). Average speed: 0.35 s/mol.
Processing Ceftriaxone in smiles.smi (121/572). Average speed: 0.35 s/mol.
Processing Celecoxib in smiles.smi (122/572). Average speed: 0.34 s/mol.
Processing Cephaloglycin in smiles.smi (123/572). Average speed: 0.35 s/mol.
Processing Ceritinib in smiles.smi (124/572). Average speed: 0.35 s/mol.
Processing Cerivastatin in smiles.smi (125/572). Average speed: 0.35 s/mol.
Processing Cetirizine in smiles.smi (126/572). Average speed: 0.34 s/mol.
Processing Chloral Hydrate in smiles.smi (127/572). Average speed: 0.34 s/mol.
Processing Chloroquine in smiles.smi (128/572). Average speed: 0.34 s/mol.
Processing Chlorozotocin in smiles.smi (130/572). Average speed: 0.34 s/mol.
Processing Chlorothiazide in smiles.smi (129/572). Average speed: 0.34 s/mol.
Processing Chlorpromazine in smiles.smi (132/572). Average speed: 0.34 s/mol.
Processing Chlorpheniramin in smiles.smi (131/572). Average speed: 0.34 s/mol.
Processing Chlorpropamide in smiles.smi (133/572). Average speed: 0.34 s/mol.
Processing Chlorprothixene in smiles.smi (134/572). Average speed: 0.35 s/mol.
Processing Chlorthalidone in smiles.smi (135/572). Average speed: 0.35 s/mol.
Processing Cidofovir in smiles.smi (136/572). Average speed: 0.34 s/mol.
Processing Cilazapril in smiles.smi (137/572). Average speed: 0.34 s/mol.
Processing Cimetidine in smiles.smi (138/572). Average speed: 0.34 s/mol.
Processing Cimicoxib in smiles.smi (139/572). Average speed: 0.34 s/mol.
Processing Ciprofibrate in smiles.smi (140/572). Average speed: 0.34 s/mol.
Processing Ciprofloxacin in smiles.smi (141/572). Average speed: 0.34 s/mol.
Processing Citalopram in smiles.smi (142/572). Average speed: 0.34 s/mol.
Processing Clevidipine in smiles.smi (143/572). Average speed: 0.34 s/mol.
Processing Clindamycin in smiles.smi (144/572). Average speed: 0.34 s/mol.
Processing Clodronic Acid in smiles.smi (145/572). Average speed: 0.34 s/mol.
Processing Clofibrate in smiles.smi (146/572). Average speed: 0.34 s/mol.
Processing Clomipramine in smiles.smi (148/572). Average speed: 0.34 s/mol.
Processing Clonixin in smiles.smi (149/572). Average speed: 0.34 s/mol.
Processing Clometacin in smiles.smi (147/572). Average speed: 0.34 s/mol.
Processing Clopidogrel in smiles.smi (150/572). Average speed: 0.34 s/mol.
Processing Cloxacillin in smiles.smi (151/572). Average speed: 0.34 s/mol.
Processing Clozapine in smiles.smi (152/572). Average speed: 0.34 s/mol.
Processing Cocaine in smiles.smi (153/572). Average speed: 0.34 s/mol.
Processing Codeine in smiles.smi (154/572). Average speed: 0.34 s/mol.
Processing Colchicine in smiles.smi (155/572). Average speed: 0.34 s/mol.
Processing Crizotinib in smiles.smi (156/572). Average speed: 0.34 s/mol.
Processing Cyamemazine in smiles.smi (157/572). Average speed: 0.34 s/mol.
Processing Cyclophosphamide in smiles.smi (158/572). Average speed: 0.34 s/mol.
Processing Cytarabine in smiles.smi (159/572). Average speed: 0.34 s/mol.
Processing Dabrafenib in smiles.smi (160/572). Average speed: 0.33 s/mol.
Processing Darunavir in smiles.smi (162/572). Average speed: 0.34 s/mol.
Processing Darifenacin in smiles.smi (161/572). Average speed: 0.33 s/mol.
Processing Dasatinib in smiles.smi (163/572). Average speed: 0.34 s/mol.
Processing Daunorubicin in smiles.smi (164/572). Average speed: 0.33 s/mol.
Processing Deferasirox in smiles.smi (165/572). Average speed: 0.33 s/mol.
Processing Deferiprone in smiles.smi (166/572). Average speed: 0.34 s/mol.
Processing Demeclocycline in smiles.smi (168/572). Average speed: 0.34 s/mol.
Processing Delavirdine in smiles.smi (167/572). Average speed: 0.34 s/mol.
Processing Desflurane in smiles.smi (169/572). Average speed: 0.34 s/mol.
Processing Dexamethasone in smiles.smi (170/572). Average speed: 0.34 s/mol.
Processing Dexibuprofen in smiles.smi (171/572). Average speed: 0.34 s/mol.
Processing Dexketoprofen in smiles.smi (172/572). Average speed: 0.35 s/mol.
Processing Dexlansoprazole in smiles.smi (173/572). Average speed: 0.34 s/mol.
Processing Dexmedetomidine in smiles.smi (174/572). Average speed: 0.34 s/mol.
Processing Dextromethorphan in smiles.smi (175/572). Average speed: 0.34 s/mol.
Processing Diamorphine in smiles.smi (176/572). Average speed: 0.35 s/mol.
Processing Diazoxide in smiles.smi (178/572). Average speed: 0.35 s/mol.
Processing Diazepam in smiles.smi (177/572). Average speed: 0.35 s/mol.
Processing Dibekacin in smiles.smi (179/572). Average speed: 0.35 s/mol.
Processing Dicloxacillin in smiles.smi (182/572). Average speed: 0.34 s/mol.
Processing Diclofenac in smiles.smi (181/572). Average speed: 0.34 s/mol.
Processing Dichlorphenamide in smiles.smi (180/572). Average speed: 0.34 s/mol.
Processing Difenpiramide in smiles.smi (184/572). Average speed: 0.34 s/mol.
Processing Didanosine in smiles.smi (183/572). Average speed: 0.34 s/mol.
Processing Diflunisal in smiles.smi (185/572). Average speed: 0.34 s/mol.
Processing Dihydrocodeine in smiles.smi (186/572). Average speed: 0.34 s/mol.
Processing Dihydrostreptomycin in smiles.smi (187/572). Average speed: 0.34 s/mol.
Processing Diltiazem in smiles.smi (188/572). Average speed: 0.34 s/mol.
Processing Dimethyl Fumarate in smiles.smi (189/572). Average speed: 0.34 s/mol.
Processing Diphenhydramine in smiles.smi (190/572). Average speed: 0.34 s/mol.
Processing Donepezil in smiles.smi (192/572). Average speed: 0.34 s/mol.
Processing Dolutegravir in smiles.smi (191/572). Average speed: 0.34 s/mol.
Processing Dorzolamide in smiles.smi (193/572). Average speed: 0.34 s/mol.
Processing Doxepin in smiles.smi (194/572). Average speed: 0.34 s/mol.
Processing Doxorubicin in smiles.smi (195/572). Average speed: 0.34 s/mol.
Processing Doxycycline in smiles.smi (196/572). Average speed: 0.34 s/mol.
Processing Doxylamine in smiles.smi (197/572). Average speed: 0.34 s/mol.
Processing Droxicam in smiles.smi (198/572). Average speed: 0.34 s/mol.
Processing Efavirenz in smiles.smi (199/572). Average speed: 0.35 s/mol.
Processing Eldecalcitol in smiles.smi (200/572). Average speed: 0.34 s/mol.
Processing Enalapril in smiles.smi (201/572). Average speed: 0.35 s/mol.
Processing Encorafenib in smiles.smi (202/572). Average speed: 0.34 s/mol.
Processing Enflurane in smiles.smi (203/572). Average speed: 0.34 s/mol.
Processing Entecavir in smiles.smi (204/572). Average speed: 0.35 s/mol.
Processing Ephedrine in smiles.smi (205/572). Average speed: 0.34 s/mol.
Processing Epinephrine in smiles.smi (206/572). Average speed: 0.34 s/mol.
Processing Epirizole in smiles.smi (207/572). Average speed: 0.34 s/mol.
Processing Eprosartan in smiles.smi (208/572). Average speed: 0.34 s/mol.
Processing Erlotinib in smiles.smi (209/572). Average speed: 0.34 s/mol.
Processing Esomeprazole in smiles.smi (210/572). Average speed: 0.34 s/mol.
Processing Ethacrynic acid in smiles.smi (212/572). Average speed: 0.34 s/mol.
Processing Estramustine in smiles.smi (211/572). Average speed: 0.34 s/mol.
Processing Ethambutol in smiles.smi (213/572). Average speed: 0.34 s/mol.
Processing Ethanol in smiles.smi (214/572). Average speed: 0.34 s/mol.
Processing Ethenzamide in smiles.smi (215/572). Average speed: 0.34 s/mol.
Processing Etofenamate in smiles.smi (218/572). Average speed: 0.34 s/mol.
Processing Ethosuximide in smiles.smi (216/572). Average speed: 0.34 s/mol.
Processing Etodolac in smiles.smi (217/572). Average speed: 0.34 s/mol.
Processing Etoricoxib in smiles.smi (219/572). Average speed: 0.34 s/mol.
Processing Etravirine in smiles.smi (220/572). Average speed: 0.34 s/mol.
Processing Ezetimibe in smiles.smi (221/572). Average speed: 0.34 s/mol.
Processing Famotidine in smiles.smi (222/572). Average speed: 0.34 s/mol.
Processing Febuxostat in smiles.smi (223/572). Average speed: 0.34 s/mol.
Processing Felbinac in smiles.smi (224/572). Average speed: 0.34 s/mol.
Processing Fenbufen in smiles.smi (226/572). Average speed: 0.33 s/mol.
Processing Felodipine in smiles.smi (225/572). Average speed: 0.34 s/mol.
Processing Fenfluramine in smiles.smi (227/572). Average speed: 0.34 s/mol.
Processing Fenofibrate in smiles.smi (228/572). Average speed: 0.34 s/mol.
Processing Fenoprofen in smiles.smi (229/572). Average speed: 0.34 s/mol.
Processing Fenovirine in smiles.smi (230/572). Average speed: 0.34 s/mol.
Processing Fentiazac in smiles.smi (231/572). Average speed: 0.34 s/mol.
Processing Feprazone in smiles.smi (232/572). Average speed: 0.34 s/mol.
Processing Firocoxib in smiles.smi (233/572). Average speed: 0.34 s/mol.
Processing Floctafenine in smiles.smi (234/572). Average speed: 0.34 s/mol.
Processing Flomoxef in smiles.smi (235/572). Average speed: 0.34 s/mol.
Processing Flucloxacillin in smiles.smi (236/572). Average speed: 0.34 s/mol.
Processing Fludarabine in smiles.smi (237/572). Average speed: 0.34 s/mol.
Processing Flumequin in smiles.smi (238/572). Average speed: 0.34 s/mol.
Processing Flunixin in smiles.smi (239/572). Average speed: 0.34 s/mol.
Processing Flunoxaprofen in smiles.smi (240/572). Average speed: 0.34 s/mol.
Processing Fluoxetine in smiles.smi (241/572). Average speed: 0.34 s/mol.
Processing Fluphenazine in smiles.smi (242/572). Average speed: 0.34 s/mol.
Processing Flurbiprofen in smiles.smi (243/572). Average speed: 0.34 s/mol.
Processing Fluvastatin in smiles.smi (244/572). Average speed: 0.34 s/mol.
Processing Fluvoxamine in smiles.smi (245/572). Average speed: 0.34 s/mol.
Processing Foscarnet in smiles.smi (246/572). Average speed: 0.34 s/mol.
Processing Fosfomycin in smiles.smi (247/572). Average speed: 0.34 s/mol.
Processing Fosinopril in smiles.smi (248/572). Average speed: 0.34 s/mol.
Processing Furosemide in smiles.smi (249/572). Average speed: 0.34 s/mol.
Processing Gatifloxacin in smiles.smi (252/572). Average speed: 0.34 s/mol.
Processing Gabapentin in smiles.smi (250/572). Average speed: 0.34 s/mol.
Processing Ganciclovir in smiles.smi (251/572). Average speed: 0.34 s/mol.
Processing Gefitinib in smiles.smi (253/572). Average speed: 0.34 s/mol.
Processing Gemcitabine in smiles.smi (254/572). Average speed: 0.34 s/mol.
Processing Gemfibrozil in smiles.smi (255/572). Average speed: 0.34 s/mol.
Processing Geneticin in smiles.smi (256/572). Average speed: 0.34 s/mol.
Processing Gentamicin C1 in smiles.smi (257/572). Average speed: 0.34 s/mol.
Processing Gentamicin C1a in smiles.smi (258/572). Average speed: 0.34 s/mol.
Processing Gentamicin C2 in smiles.smi (259/572). Average speed: 0.34 s/mol.
Processing Glafenine in smiles.smi (260/572). Average speed: 0.34 s/mol.
Processing Gliclazide in smiles.smi (261/572). Average speed: 0.34 s/mol.
Processing Glutethimide in smiles.smi (262/572). Average speed: 0.34 s/mol.
Processing Glycerol in smiles.smi (263/572). Average speed: 0.34 s/mol.
Processing Griseofulvin in smiles.smi (264/572). Average speed: 0.34 s/mol.
Processing Guacetisal in smiles.smi (265/572). Average speed: 0.34 s/mol.
Processing Guaifenesin in smiles.smi (266/572). Average speed: 0.34 s/mol.
Processing Halothane in smiles.smi (268/572). Average speed: 0.34 s/mol.
Processing Haloperidol in smiles.smi (267/572). Average speed: 0.34 s/mol.
Processing Hydralazine in smiles.smi (269/572). Average speed: 0.34 s/mol.
Processing Hydrochlorothiazide in smiles.smi (270/572). Average speed: 0.33 s/mol.
Processing Hydrocortisone in smiles.smi (271/572). Average speed: 0.33 s/mol.
Processing Hydroxyzine in smiles.smi (272/572). Average speed: 0.33 s/mol.
Processing Hygromycin B in smiles.smi (273/572). Average speed: 0.33 s/mol.
Processing Ibandronate in smiles.smi (274/572). Average speed: 0.33 s/mol.
Processing Ibuprofen in smiles.smi (275/572). Average speed: 0.33 s/mol.
Processing Ibuproxam in smiles.smi (276/572). Average speed: 0.33 s/mol.
Processing Ibutilide in smiles.smi (277/572). Average speed: 0.34 s/mol.
Processing Icosapent in smiles.smi (278/572). Average speed: 0.33 s/mol.
Processing Ifosfamide in smiles.smi (279/572). Average speed: 0.33 s/mol.
Processing Iloperidone in smiles.smi (280/572). Average speed: 0.33 s/mol.
Processing Imipenem in smiles.smi (283/572). Average speed: 0.33 s/mol.
Processing Imatinib in smiles.smi (281/572). Average speed: 0.33 s/mol.
Processing Imidapril in smiles.smi (282/572). Average speed: 0.33 s/mol.
Processing Imipramine in smiles.smi (284/572). Average speed: 0.33 s/mol.
Processing Indapamide in smiles.smi (285/572). Average speed: 0.33 s/mol.
Processing Indobufen in smiles.smi (287/572). Average speed: 0.33 s/mol.
Processing Indinavir in smiles.smi (286/572). Average speed: 0.33 s/mol.
Processing Indomethacin in smiles.smi (288/572). Average speed: 0.33 s/mol.
Processing Indoprofen in smiles.smi (289/572). Average speed: 0.33 s/mol.
Processing Iobitridol in smiles.smi (290/572). Average speed: 0.34 s/mol.
Processing Iopromide in smiles.smi (291/572). Average speed: 0.34 s/mol.
Processing Irbesartan in smiles.smi (292/572). Average speed: 0.33 s/mol.
Processing Isepamicin in smiles.smi (293/572). Average speed: 0.34 s/mol.
Processing Isoflurane in smiles.smi (294/572). Average speed: 0.34 s/mol.
Processing Isoniazid in smiles.smi (295/572). Average speed: 0.34 s/mol.
Processing Isotretinoin in smiles.smi (296/572). Average speed: 0.34 s/mol.
Processing Isoxicam in smiles.smi (297/572). Average speed: 0.34 s/mol.
Processing Isradipine in smiles.smi (298/572). Average speed: 0.34 s/mol.
Processing Itraconazole in smiles.smi (299/572). Average speed: 0.34 s/mol.
Processing Ixazomib in smiles.smi (300/572). Average speed: 0.34 s/mol.
Processing Kanamycin in smiles.smi (301/572). Average speed: 0.34 s/mol.
Processing Kebuzone in smiles.smi (302/572). Average speed: 0.34 s/mol.
Processing Ketamine in smiles.smi (303/572). Average speed: 0.34 s/mol.
Processing Ketoprofen in smiles.smi (304/572). Average speed: 0.34 s/mol.
Processing Ketorolac in smiles.smi (305/572). Average speed: 0.34 s/mol.
Processing Lacidipine in smiles.smi (306/572). Average speed: 0.34 s/mol.
Processing Lamivudine in smiles.smi (307/572). Average speed: 0.34 s/mol.
Processing Lansoprazole in smiles.smi (309/572). Average speed: 0.34 s/mol.
Processing Lamotrigine in smiles.smi (308/572). Average speed: 0.34 s/mol.
Processing Latamoxef (Moxalactam) in smiles.smi (310/572). Average speed: 0.34 s/mol.
Processing Leflunomide in smiles.smi (311/572). Average speed: 0.34 s/mol.
Processing Lenalidomide in smiles.smi (312/572). Average speed: 0.34 s/mol.
Processing Letrozole in smiles.smi (314/572). Average speed: 0.34 s/mol.
Processing Lesinurad in smiles.smi (313/572). Average speed: 0.34 s/mol.
Processing Levamisole in smiles.smi (315/572). Average speed: 0.33 s/mol.
Processing Levamlodipine in smiles.smi (316/572). Average speed: 0.34 s/mol.
Processing Levetiracetam in smiles.smi (317/572). Average speed: 0.34 s/mol.
Processing Levodopa in smiles.smi (318/572). Average speed: 0.34 s/mol.
Processing Levofloxacin in smiles.smi (319/572). Average speed: 0.33 s/mol.
Processing Lincomycin in smiles.smi (320/572). Average speed: 0.33 s/mol.
Processing Lindane in smiles.smi (321/572). Average speed: 0.33 s/mol.
Processing Linezolid in smiles.smi (322/572). Average speed: 0.33 s/mol.
Processing Lisinopril in smiles.smi (323/572). Average speed: 0.33 s/mol.
Processing Lomustine in smiles.smi (324/572). Average speed: 0.33 s/mol.
Processing Lonazolac in smiles.smi (325/572). Average speed: 0.33 s/mol.
Processing Lopinavir in smiles.smi (326/572). Average speed: 0.33 s/mol.
Processing Loracarbef in smiles.smi (327/572). Average speed: 0.33 s/mol.
Processing Loratadine in smiles.smi (328/572). Average speed: 0.33 s/mol.
Processing Lorazepam in smiles.smi (329/572). Average speed: 0.33 s/mol.
Processing Losartan in smiles.smi (331/572). Average speed: 0.33 s/mol.
Processing Lornoxicam in smiles.smi (330/572). Average speed: 0.33 s/mol.
Processing Lovastatin in smiles.smi (332/572). Average speed: 0.33 s/mol.
Processing Loxapine in smiles.smi (333/572). Average speed: 0.33 s/mol.
Processing Loxoprofen in smiles.smi (334/572). Average speed: 0.33 s/mol.
Processing L-Tryptophan in smiles.smi (335/572). Average speed: 0.33 s/mol.
Processing Lumiracoxib in smiles.smi (336/572). Average speed: 0.33 s/mol.
Processing Lurasidone in smiles.smi (337/572). Average speed: 0.33 s/mol.
Processing Lysergide (Lysergic acid diethylamide) in smiles.smi (338/572). Average speed: 0.33 s/mol.
Processing Mannitol in smiles.smi (339/572). Average speed: 0.33 s/mol.
Processing Maraviroc in smiles.smi (340/572). Average speed: 0.33 s/mol.
Processing Mebendazole in smiles.smi (341/572). Average speed: 0.33 s/mol.
Processing Meclofenamic acid in smiles.smi (342/572). Average speed: 0.33 s/mol.
Processing Mefenamic acid in smiles.smi (343/572). Average speed: 0.33 s/mol.
Processing Mefloquine in smiles.smi (344/572). Average speed: 0.33 s/mol.
Processing Meloxicam in smiles.smi (345/572). Average speed: 0.33 s/mol.
Processing Melphalan in smiles.smi (346/572). Average speed: 0.34 s/mol.
Processing Memantine in smiles.smi (347/572). Average speed: 0.34 s/mol.
Processing Mesalamine (Mesalazine) in smiles.smi (348/572). Average speed: 0.34 s/mol.
Processing Methicillin in smiles.smi (353/572). Average speed: 0.34 s/mol.
Processing Methamphetamine in smiles.smi (351/572). Average speed: 0.34 s/mol.
Processing Methazolamide in smiles.smi (352/572). Average speed: 0.34 s/mol.
Processing Metamizole in smiles.smi (349/572). Average speed: 0.34 s/mol.
Processing Methadone in smiles.smi (350/572). Average speed: 0.34 s/mol.
Processing Methoxyflurane in smiles.smi (355/572). Average speed: 0.33 s/mol.
Processing Methotrexate in smiles.smi (354/572). Average speed: 0.33 s/mol.
Processing Methysergide in smiles.smi (357/572). Average speed: 0.33 s/mol.
Processing Methyldopa in smiles.smi (356/572). Average speed: 0.33 s/mol.
Processing Mezlocillin in smiles.smi (358/572). Average speed: 0.33 s/mol.
Processing Micronomicin in smiles.smi (359/572). Average speed: 0.33 s/mol.
Processing Midomafetamine in smiles.smi (360/572). Average speed: 0.33 s/mol.
Processing Mifepristone in smiles.smi (361/572). Average speed: 0.33 s/mol.
Processing Milnacipran in smiles.smi (362/572). Average speed: 0.33 s/mol.
Processing Minocycline in smiles.smi (363/572). Average speed: 0.33 s/mol.
Processing Minoxidil in smiles.smi (364/572). Average speed: 0.33 s/mol.
Processing Mirtazapine in smiles.smi (365/572). Average speed: 0.33 s/mol.
Processing Mitomycin in smiles.smi (366/572). Average speed: 0.33 s/mol.
Processing Mofebutazone in smiles.smi (367/572). Average speed: 0.33 s/mol.
Processing Morphine in smiles.smi (369/572). Average speed: 0.33 s/mol.
Processing Moxifloxacin in smiles.smi (370/572). Average speed: 0.33 s/mol.
Processing Montelukast in smiles.smi (368/572). Average speed: 0.33 s/mol.
Processing Nabumetone in smiles.smi (371/572). Average speed: 0.33 s/mol.
Processing Nafcillin in smiles.smi (372/572). Average speed: 0.33 s/mol.
Processing Naftidrofuryl in smiles.smi (373/572). Average speed: 0.33 s/mol.
Processing Naltrexone in smiles.smi (374/572). Average speed: 0.33 s/mol.
Processing Neamine (Neomycin A) in smiles.smi (376/572). Average speed: 0.33 s/mol.
Processing Naproxen in smiles.smi (375/572). Average speed: 0.33 s/mol.
Processing Nepafenac in smiles.smi (378/572). Average speed: 0.33 s/mol.
Processing Nelarabine in smiles.smi (377/572). Average speed: 0.33 s/mol.
Processing Netilmicin in smiles.smi (379/572). Average speed: 0.33 s/mol.
Processing Nevirapine in smiles.smi (380/572). Average speed: 0.33 s/mol.
Processing Niacin in smiles.smi (381/572). Average speed: 0.33 s/mol.
Processing Nicergoline in smiles.smi (382/572). Average speed: 0.33 s/mol.
Processing Nifenazone in smiles.smi (383/572). Average speed: 0.33 s/mol.
Processing Niflumic acid in smiles.smi (384/572). Average speed: 0.33 s/mol.
Processing Nilotinib in smiles.smi (385/572). Average speed: 0.33 s/mol.
Processing Noramidopyrine in smiles.smi (387/572). Average speed: 0.33 s/mol.
Processing Nintedanib in smiles.smi (386/572). Average speed: 0.33 s/mol.
Processing Norfloxacin in smiles.smi (388/572). Average speed: 0.33 s/mol.
Processing Ofloxacin in smiles.smi (389/572). Average speed: 0.33 s/mol.
Processing Olanzapine in smiles.smi (390/572). Average speed: 0.33 s/mol.
Processing Olmesartan in smiles.smi (391/572). Average speed: 0.33 s/mol.
Processing Olsalazine in smiles.smi (392/572). Average speed: 0.33 s/mol.
Processing Orlistat in smiles.smi (393/572). Average speed: 0.33 s/mol.
Processing Oxacillin in smiles.smi (394/572). Average speed: 0.33 s/mol.
Processing Oxcarbazepine in smiles.smi (396/572). Average speed: 0.33 s/mol.
Processing Oxaprozin in smiles.smi (395/572). Average speed: 0.33 s/mol.
Processing Oxolinic acid in smiles.smi (397/572). Average speed: 0.33 s/mol.
Processing Oxprenolol in smiles.smi (398/572). Average speed: 0.33 s/mol.
Processing Oxycodone in smiles.smi (399/572). Average speed: 0.33 s/mol.
Processing Oxymorphone in smiles.smi (400/572). Average speed: 0.34 s/mol.
Processing Oxyphenbutazone in smiles.smi (401/572). Average speed: 0.34 s/mol.
Processing Palbociclib in smiles.smi (402/572). Average speed: 0.34 s/mol.
Processing Paliperidone in smiles.smi (403/572). Average speed: 0.34 s/mol.
Processing Pamidronate in smiles.smi (404/572). Average speed: 0.34 s/mol.
Processing Panipenem in smiles.smi (405/572). Average speed: 0.34 s/mol.
Processing Pantoprazole in smiles.smi (406/572). Average speed: 0.34 s/mol.
Processing Paracetamol in smiles.smi (407/572). Average speed: 0.33 s/mol.
Processing Paraphenylenediamine in smiles.smi (408/572). Average speed: 0.33 s/mol.
Processing Paroxetine in smiles.smi (410/572). Average speed: 0.33 s/mol.
Processing Parecoxib in smiles.smi (409/572). Average speed: 0.33 s/mol.
Processing Pazopanib in smiles.smi (411/572). Average speed: 0.33 s/mol.
Processing Penicillamine in smiles.smi (412/572). Average speed: 0.33 s/mol.
Processing Pentamidine in smiles.smi (413/572). Average speed: 0.33 s/mol.
Processing Pentostatin (Deoxycoformycin) in smiles.smi (414/572). Average speed: 0.33 s/mol.
Processing Perindopril in smiles.smi (415/572). Average speed: 0.33 s/mol.
Processing Perindoprilat in smiles.smi (416/572). Average speed: 0.33 s/mol.
Processing Perphenazine in smiles.smi (417/572). Average speed: 0.33 s/mol.
Processing Pethidine (Meperidine) in smiles.smi (418/572). Average speed: 0.33 s/mol.
Processing Phenacetin in smiles.smi (419/572). Average speed: 0.33 s/mol.
Processing Phencyclidine in smiles.smi (421/572). Average speed: 0.33 s/mol.
Processing Phenazopyridine in smiles.smi (420/572). Average speed: 0.33 s/mol.
Processing Phendimetrazine in smiles.smi (422/572). Average speed: 0.33 s/mol.
Processing Phenelzine in smiles.smi (423/572). Average speed: 0.33 s/mol.
Processing Phenformin in smiles.smi (424/572). Average speed: 0.33 s/mol.
Processing Pheniramine in smiles.smi (426/572). Average speed: 0.33 s/mol.
Processing Phenindione in smiles.smi (425/572). Average speed: 0.33 s/mol.
Processing Phenoxymethylpenicillin in smiles.smi (428/572). Average speed: 0.33 s/mol.
Processing Phenmetrazine in smiles.smi (427/572). Average speed: 0.33 s/mol.
Processing Phentermine in smiles.smi (429/572). Average speed: 0.33 s/mol.
Processing Phenylpropanolamine in smiles.smi (431/572). Average speed: 0.33 s/mol.
Processing Phenylbutazone in smiles.smi (430/572). Average speed: 0.33 s/mol.
Processing Pimozide in smiles.smi (432/572). Average speed: 0.33 s/mol.
Processing Pindolol in smiles.smi (433/572). Average speed: 0.33 s/mol.
Processing Pipemidic acid in smiles.smi (434/572). Average speed: 0.33 s/mol.
Processing Piromidic acid in smiles.smi (435/572). Average speed: 0.33 s/mol.
Processing Piroxicam in smiles.smi (436/572). Average speed: 0.33 s/mol.
Processing Pirprofen in smiles.smi (437/572). Average speed: 0.33 s/mol.
Processing Pitavastatin in smiles.smi (438/572). Average speed: 0.33 s/mol.
Processing Plazomicin in smiles.smi (439/572). Average speed: 0.33 s/mol.
Processing Pramipexole in smiles.smi (441/572). Average speed: 0.33 s/mol.
Processing Pomalidomide in smiles.smi (440/572). Average speed: 0.33 s/mol.
Processing Pranoprofen in smiles.smi (442/572). Average speed: 0.33 s/mol.
Processing Prasugrel in smiles.smi (443/572). Average speed: 0.33 s/mol.
Processing Pravastatin in smiles.smi (444/572). Average speed: 0.33 s/mol.
Processing Prazepam in smiles.smi (445/572). Average speed: 0.33 s/mol.
Processing Prednisone in smiles.smi (446/572). Average speed: 0.33 s/mol.
Processing Pregabalin in smiles.smi (447/572). Average speed: 0.33 s/mol.
Processing Primidone in smiles.smi (448/572). Average speed: 0.33 s/mol.
Processing Probenecid in smiles.smi (449/572). Average speed: 0.33 s/mol.
Processing Procainamide in smiles.smi (450/572). Average speed: 0.33 s/mol.
Processing Proglumetacin in smiles.smi (451/572). Average speed: 0.33 s/mol.
Processing Promazine in smiles.smi (452/572). Average speed: 0.33 s/mol.
Processing Promethazine in smiles.smi (453/572). Average speed: 0.33 s/mol.
Processing Propranolol in smiles.smi (455/572). Average speed: 0.33 s/mol.
Processing Propofol in smiles.smi (454/572). Average speed: 0.33 s/mol.
Processing Propylthiouracil in smiles.smi (456/572). Average speed: 0.33 s/mol.
Processing Propyphenazone in smiles.smi (457/572). Average speed: 0.33 s/mol.
Processing Protriptyline in smiles.smi (459/572). Average speed: 0.33 s/mol.
Processing Proquazone in smiles.smi (458/572). Average speed: 0.33 s/mol.
Processing Pseudoephedrine in smiles.smi (460/572). Average speed: 0.33 s/mol.
Processing Puromycin in smiles.smi (461/572). Average speed: 0.33 s/mol.
Processing Pyrazinamide in smiles.smi (462/572). Average speed: 0.33 s/mol.
Processing Pyridoxal phosphate in smiles.smi (463/572). Average speed: 0.33 s/mol.
Processing Quetiapine in smiles.smi (464/572). Average speed: 0.33 s/mol.
Processing Quinapril in smiles.smi (465/572). Average speed: 0.33 s/mol.
Processing Quinidine in smiles.smi (466/572). Average speed: 0.33 s/mol.
Processing Quinine in smiles.smi (467/572). Average speed: 0.33 s/mol.
Processing Rabeprazole in smiles.smi (468/572). Average speed: 0.33 s/mol.
Processing Ramipril in smiles.smi (469/572). Average speed: 0.33 s/mol.
Processing Ramiprilat in smiles.smi (470/572). Average speed: 0.33 s/mol.
Processing Rebamipide in smiles.smi (471/572). Average speed: 0.33 s/mol.
Processing Regorafenib in smiles.smi (472/572). Average speed: 0.33 s/mol.
Processing Ribavirin in smiles.smi (473/572). Average speed: 0.33 s/mol.
Processing Ribostamycin in smiles.smi (474/572). Average speed: 0.33 s/mol.
Processing Rilpivirine in smiles.smi (475/572). Average speed: 0.33 s/mol.
Processing Risedronate in smiles.smi (476/572). Average speed: 0.33 s/mol.
Processing Risperidone in smiles.smi (477/572). Average speed: 0.33 s/mol.
Processing Rivaroxaban in smiles.smi (479/572). Average speed: 0.33 s/mol.
Processing Ritodrine in smiles.smi (478/572). Average speed: 0.33 s/mol.
Processing Robenacoxib in smiles.smi (480/572). Average speed: 0.33 s/mol.
Processing Rofecoxib in smiles.smi (481/572). Average speed: 0.33 s/mol.
Processing Rotigotine in smiles.smi (483/572). Average speed: 0.33 s/mol.
Processing Rosuvastatin in smiles.smi (482/572). Average speed: 0.33 s/mol.
Processing Roxithromycin in smiles.smi (484/572). Average speed: 0.33 s/mol.
Processing Salicylamide in smiles.smi (485/572). Average speed: 0.33 s/mol.
Processing Salicylic acid in smiles.smi (486/572). Average speed: 0.33 s/mol.
Processing Salsalate in smiles.smi (487/572). Average speed: 0.33 s/mol.
Processing Saquinavir in smiles.smi (488/572). Average speed: 0.33 s/mol.
Processing SC-236 in smiles.smi (489/572). Average speed: 0.33 s/mol.
Processing Semustine in smiles.smi (490/572). Average speed: 0.33 s/mol.
Processing Sertraline in smiles.smi (491/572). Average speed: 0.33 s/mol.
Processing Sevoflurane in smiles.smi (492/572). Average speed: 0.33 s/mol.
Processing Sibutramine in smiles.smi (493/572). Average speed: 0.33 s/mol.
Processing Simvastatin in smiles.smi (494/572). Average speed: 0.33 s/mol.
Processing Sisomicin in smiles.smi (495/572). Average speed: 0.33 s/mol.
Processing Sorafenib in smiles.smi (496/572). Average speed: 0.33 s/mol.
Processing Sparfloxacin in smiles.smi (497/572). Average speed: 0.33 s/mol.
Processing Stavudine in smiles.smi (498/572). Average speed: 0.33 s/mol.
Processing Streptomycin in smiles.smi (499/572). Average speed: 0.33 s/mol.
Processing Streptozocin in smiles.smi (500/572). Average speed: 0.33 s/mol.
Processing Strychnine in smiles.smi (501/572). Average speed: 0.33 s/mol.
Processing Sulfadiazine in smiles.smi (502/572). Average speed: 0.33 s/mol.
Processing Sulfafurazole (Sulfisoxazole) in smiles.smi (503/572). Average speed: 0.33 s/mol.
Processing Sulfamethoxazole in smiles.smi (504/572). Average speed: 0.33 s/mol.
Processing Sulfanilamide in smiles.smi (505/572). Average speed: 0.33 s/mol.
Processing Sulfaperin in smiles.smi (506/572). Average speed: 0.33 s/mol.
Processing Sulfasalazine in smiles.smi (507/572). Average speed: 0.33 s/mol.
Processing Sulfatinib (Surufatinib) in smiles.smi (508/572). Average speed: 0.33 s/mol.
Processing Sulfinpyrazone in smiles.smi (509/572). Average speed: 0.33 s/mol.
Processing Sulindac in smiles.smi (510/572). Average speed: 0.33 s/mol.
Processing Sultiame in smiles.smi (511/572). Average speed: 0.33 s/mol.
Processing Sumatriptan in smiles.smi (512/572). Average speed: 0.33 s/mol.
Processing Sunitinib in smiles.smi (513/572). Average speed: 0.33 s/mol.
Processing Suprofen in smiles.smi (514/572). Average speed: 0.33 s/mol.
Processing Suxibuzone in smiles.smi (515/572). Average speed: 0.33 s/mol.
Processing Talniflumate in smiles.smi (516/572). Average speed: 0.33 s/mol.
Processing Tamoxifen in smiles.smi (517/572). Average speed: 0.33 s/mol.
Processing Telbivudine in smiles.smi (518/572). Average speed: 0.33 s/mol.
Processing Telmisartan in smiles.smi (519/572). Average speed: 0.33 s/mol.
Processing Temafloxacin in smiles.smi (520/572). Average speed: 0.33 s/mol.
Processing Temazepam in smiles.smi (521/572). Average speed: 0.33 s/mol.
Processing Teneligliptin in smiles.smi (522/572). Average speed: 0.34 s/mol.
Processing Tenidap in smiles.smi (523/572). Average speed: 0.34 s/mol.
Processing Tenofovir in smiles.smi (524/572). Average speed: 0.34 s/mol.
Processing Tenoxicam in smiles.smi (525/572). Average speed: 0.34 s/mol.
Processing Terbutaline in smiles.smi (526/572). Average speed: 0.34 s/mol.
Processing Tetracycline in smiles.smi (527/572). Average speed: 0.34 s/mol.
Processing Theophylline in smiles.smi (528/572). Average speed: 0.34 s/mol.
Processing Thiamazole in smiles.smi (529/572). Average speed: 0.34 s/mol.
Processing Tiagabine in smiles.smi (530/572). Average speed: 0.34 s/mol.
Processing Tiaprofenic Acid in smiles.smi (531/572). Average speed: 0.34 s/mol.
Processing Ticlopidine in smiles.smi (532/572). Average speed: 0.34 s/mol.
Processing Tienilic acid in smiles.smi (533/572). Average speed: 0.34 s/mol.
Processing Tinoridine in smiles.smi (534/572). Average speed: 0.34 s/mol.
Processing Tiopronin in smiles.smi (535/572). Average speed: 0.34 s/mol.
Processing Tobramycin in smiles.smi (536/572). Average speed: 0.34 s/mol.
Processing Tolfenamic acid in smiles.smi (537/572). Average speed: 0.34 s/mol.
Processing Tolmetin in smiles.smi (538/572). Average speed: 0.34 s/mol.
Processing Topiramate in smiles.smi (539/572). Average speed: 0.34 s/mol.
Processing Topotecan in smiles.smi (540/572). Average speed: 0.33 s/mol.
Processing Torasemide in smiles.smi (541/572). Average speed: 0.33 s/mol.
Processing Trabectedin in smiles.smi (542/572). Average speed: 0.34 s/mol.
Processing Tramadol in smiles.smi (543/572). Average speed: 0.33 s/mol.
Processing Trandolaprilat in smiles.smi (544/572). Average speed: 0.34 s/mol.
Processing Tranylcypromine in smiles.smi (545/572). Average speed: 0.34 s/mol.
Processing Tretinoin in smiles.smi (546/572). Average speed: 0.34 s/mol.
Processing Triamcinolone in smiles.smi (547/572). Average speed: 0.34 s/mol.
Processing Triazolam in smiles.smi (549/572). Average speed: 0.33 s/mol.
Processing Triamterene in smiles.smi (548/572). Average speed: 0.33 s/mol.
Processing Trichloroethylene in smiles.smi (550/572). Average speed: 0.33 s/mol.
Processing Triethylenetetramine in smiles.smi (551/572). Average speed: 0.33 s/mol.
Processing Trifluoperazine in smiles.smi (552/572). Average speed: 0.33 s/mol.
Processing Trimethadione in smiles.smi (553/572). Average speed: 0.33 s/mol.
Processing Ursodeoxycholic acid in smiles.smi (555/572). Average speed: 0.33 s/mol.
Processing Valaciclovir in smiles.smi (556/572). Average speed: 0.33 s/mol.
Processing Trimethoprim in smiles.smi (554/572). Average speed: 0.33 s/mol.
Processing Valganciclovir in smiles.smi (558/572). Average speed: 0.33 s/mol.
Processing Valdecoxib in smiles.smi (557/572). Average speed: 0.33 s/mol.
Processing Valproic Acid in smiles.smi (559/572). Average speed: 0.33 s/mol.
Processing Valsartan in smiles.smi (560/572). Average speed: 0.33 s/mol.
Processing Varenicline in smiles.smi (561/572). Average speed: 0.33 s/mol.
Processing Vemurafenib in smiles.smi (562/572). Average speed: 0.33 s/mol.
Processing Venlafaxine in smiles.smi (563/572). Average speed: 0.33 s/mol.
Processing Verapamil in smiles.smi (564/572). Average speed: 0.33 s/mol.
Processing Warfarin in smiles.smi (565/572). Average speed: 0.33 s/mol.
Processing Zaltoprofen in smiles.smi (567/572). Average speed: 0.33 s/mol.
Processing Zalcitabine in smiles.smi (566/572). Average speed: 0.33 s/mol.
Processing Zinostatin in smiles.smi (568/572). Average speed: 0.33 s/mol.
Processing Ziprasidone in smiles.smi (569/572). Average speed: 0.33 s/mol.
Processing Zoledronate in smiles.smi (570/572). Average speed: 0.34 s/mol.
Processing Zomepirac in smiles.smi (571/572). Average speed: 0.34 s/mol.
Processing Zonisamide in smiles.smi (572/572). Average speed: 0.34 s/mol.
Descriptor calculation completed in 3 mins 11.565 secs . Average speed: 0.33 s/mol.
